# JRE version: OpenJDK Runtime Environment (11.0.1+13) (build 11.0.1+13)
# Java VM: OpenJDK 64-Bit Server VM (11.0.1+13, mixed mode, tiered, compressed oops, parallel gc, windows-amd64)
Heap:
 PSYoungGen      total 18944K, used 25K [0x00000000eab00000, 0x00000000ec500000, 0x0000000100000000)
  eden space 18432K, 0% used [0x00000000eab00000,0x00000000eab067f0,0x00000000ebd00000)
  from space 512K, 0% used [0x00000000ebd00000,0x00000000ebd00000,0x00000000ebd80000)
  to   space 2560K, 0% used [0x00000000ec280000,0x00000000ec280000,0x00000000ec500000)
 ParOldGen       total 68608K, used 24141K [0x00000000c0000000, 0x00000000c4300000, 0x00000000eab00000)
  object space 68608K, 35% used [0x00000000c0000000,0x00000000c17935e8,0x00000000c4300000)
 Metaspace       used 33296K, capacity 35328K, committed 35672K, reserved 1081344K
  class space    used 3154K, capacity 3849K, committed 3968K, reserved 1048576K
GC Heap History (10 events):
Event: 31.699 GC heap before
{Heap before GC invocations=13 (full 1):
 PSYoungGen      total 24576K, used 24320K [0x00000000eab00000, 0x00000000ec700000, 0x0000000100000000)
  eden space 22016K, 100% used [0x00000000eab00000,0x00000000ec080000,0x00000000ec080000)
  from space 2560K, 90% used [0x00000000ec280000,0x00000000ec4c0010,0x00000000ec500000)
  to   space 2048K, 0% used [0x00000000ec500000,0x00000000ec500000,0x00000000ec700000)
 ParOldGen       total 68608K, used 15774K [0x00000000c0000000, 0x00000000c4300000, 0x00000000eab00000)
  object space 68608K, 22% used [0x00000000c0000000,0x00000000c0f67ae8,0x00000000c4300000)
 Metaspace       used 31251K, capacity 33156K, committed 33408K, reserved 1079296K
  class space    used 3003K, capacity 3680K, committed 3712K, reserved 1048576K
}
Event: 31.708 GC heap after
{Heap after GC invocations=13 (full 1):
 PSYoungGen      total 23552K, used 2016K [0x00000000eab00000, 0x00000000eca80000, 0x0000000100000000)
  eden space 21504K, 0% used [0x00000000eab00000,0x00000000eab00000,0x00000000ec000000)
  from space 2048K, 98% used [0x00000000ec500000,0x00000000ec6f8010,0x00000000ec700000)
  to   space 5120K, 0% used [0x00000000ec000000,0x00000000ec000000,0x00000000ec500000)
 ParOldGen       total 68608K, used 18141K [0x00000000c0000000, 0x00000000c4300000, 0x00000000eab00000)
  object space 68608K, 26% used [0x00000000c0000000,0x00000000c11b74f0,0x00000000c4300000)
 Metaspace       used 31251K, capacity 33156K, committed 33408K, reserved 1079296K
  class space    used 3003K, capacity 3680K, committed 3712K, reserved 1048576K
}
Event: 31.747 GC heap before
{Heap before GC invocations=14 (full 1):
 PSYoungGen      total 23552K, used 23520K [0x00000000eab00000, 0x00000000eca80000, 0x0000000100000000)
  eden space 21504K, 100% used [0x00000000eab00000,0x00000000ec000000,0x00000000ec000000)
  from space 2048K, 98% used [0x00000000ec500000,0x00000000ec6f8010,0x00000000ec700000)
  to   space 5120K, 0% used [0x00000000ec000000,0x00000000ec000000,0x00000000ec500000)
 ParOldGen       total 68608K, used 18141K [0x00000000c0000000, 0x00000000c4300000, 0x00000000eab00000)
  object space 68608K, 26% used [0x00000000c0000000,0x00000000c11b74f0,0x00000000c4300000)
 Metaspace       used 31251K, capacity 33156K, committed 33408K, reserved 1079296K
  class space    used 3003K, capacity 3680K, committed 3712K, reserved 1048576K
}
Event: 31.752 GC heap after
{Heap after GC invocations=14 (full 1):
 PSYoungGen      total 23552K, used 1824K [0x00000000eab00000, 0x00000000ec600000, 0x0000000100000000)
  eden space 21504K, 0% used [0x00000000eab00000,0x00000000eab00000,0x00000000ec000000)
  from space 2048K, 89% used [0x00000000ec000000,0x00000000ec1c8000,0x00000000ec200000)
  to   space 3072K, 0% used [0x00000000ec300000,0x00000000ec300000,0x00000000ec600000)
 ParOldGen       total 68608K, used 20173K [0x00000000c0000000, 0x00000000c4300000, 0x00000000eab00000)
  object space 68608K, 29% used [0x00000000c0000000,0x00000000c13b3500,0x00000000c4300000)
 Metaspace       used 31251K, capacity 33156K, committed 33408K, reserved 1079296K
  class space    used 3003K, capacity 3680K, committed 3712K, reserved 1048576K
}
Event: 32.395 GC heap before
{Heap before GC invocations=15 (full 1):
 PSYoungGen      total 23552K, used 23328K [0x00000000eab00000, 0x00000000ec600000, 0x0000000100000000)
  eden space 21504K, 100% used [0x00000000eab00000,0x00000000ec000000,0x00000000ec000000)
  from space 2048K, 89% used [0x00000000ec000000,0x00000000ec1c8000,0x00000000ec200000)
  to   space 3072K, 0% used [0x00000000ec300000,0x00000000ec300000,0x00000000ec600000)
 ParOldGen       total 68608K, used 20173K [0x00000000c0000000, 0x00000000c4300000, 0x00000000eab00000)
  object space 68608K, 29% used [0x00000000c0000000,0x00000000c13b3500,0x00000000c4300000)
 Metaspace       used 31848K, capacity 33888K, committed 34048K, reserved 1079296K
  class space    used 3044K, capacity 3753K, committed 3840K, reserved 1048576K
}
Event: 32.399 GC heap after
{Heap after GC invocations=15 (full 1):
 PSYoungGen      total 21504K, used 3071K [0x00000000eab00000, 0x00000000ecc00000, 0x0000000100000000)
  eden space 18432K, 0% used [0x00000000eab00000,0x00000000eab00000,0x00000000ebd00000)
  from space 3072K, 99% used [0x00000000ec300000,0x00000000ec5ffd90,0x00000000ec600000)
  to   space 6144K, 0% used [0x00000000ebd00000,0x00000000ebd00000,0x00000000ec300000)
 ParOldGen       total 68608K, used 22481K [0x00000000c0000000, 0x00000000c4300000, 0x00000000eab00000)
  object space 68608K, 32% used [0x00000000c0000000,0x00000000c15f4610,0x00000000c4300000)
 Metaspace       used 31848K, capacity 33888K, committed 34048K, reserved 1079296K
  class space    used 3044K, capacity 3753K, committed 3840K, reserved 1048576K
}
Event: 33.135 GC heap before
{Heap before GC invocations=16 (full 1):
 PSYoungGen      total 21504K, used 17783K [0x00000000eab00000, 0x00000000ecc00000, 0x0000000100000000)
  eden space 18432K, 79% used [0x00000000eab00000,0x00000000eb95df90,0x00000000ebd00000)
  from space 3072K, 99% used [0x00000000ec300000,0x00000000ec5ffd90,0x00000000ec600000)
  to   space 6144K, 0% used [0x00000000ebd00000,0x00000000ebd00000,0x00000000ec300000)
 ParOldGen       total 68608K, used 22481K [0x00000000c0000000, 0x00000000c4300000, 0x00000000eab00000)
  object space 68608K, 32% used [0x00000000c0000000,0x00000000c15f4610,0x00000000c4300000)
 Metaspace       used 33275K, capacity 35264K, committed 35416K, reserved 1081344K
  class space    used 3154K, capacity 3849K, committed 3968K, reserved 1048576K
}
Event: 33.147 GC heap after
{Heap after GC invocations=16 (full 1):
 PSYoungGen      total 18944K, used 310K [0x00000000eab00000, 0x00000000ec500000, 0x0000000100000000)
  eden space 18432K, 0% used [0x00000000eab00000,0x00000000eab00000,0x00000000ebd00000)
  from space 512K, 60% used [0x00000000ebd00000,0x00000000ebd4dba0,0x00000000ebd80000)
  to   space 2560K, 0% used [0x00000000ec280000,0x00000000ec280000,0x00000000ec500000)
 ParOldGen       total 68608K, used 24891K [0x00000000c0000000, 0x00000000c4300000, 0x00000000eab00000)
  object space 68608K, 36% used [0x00000000c0000000,0x00000000c184eeb8,0x00000000c4300000)
 Metaspace       used 33275K, capacity 35264K, committed 35416K, reserved 1081344K
  class space    used 3154K, capacity 3849K, committed 3968K, reserved 1048576K
}
Event: 33.147 GC heap before
{Heap before GC invocations=17 (full 2):
 PSYoungGen      total 18944K, used 310K [0x00000000eab00000, 0x00000000ec500000, 0x0000000100000000)
  eden space 18432K, 0% used [0x00000000eab00000,0x00000000eab00000,0x00000000ebd00000)
  from space 512K, 60% used [0x00000000ebd00000,0x00000000ebd4dba0,0x00000000ebd80000)
  to   space 2560K, 0% used [0x00000000ec280000,0x00000000ec280000,0x00000000ec500000)
 ParOldGen       total 68608K, used 24891K [0x00000000c0000000, 0x00000000c4300000, 0x00000000eab00000)
  object space 68608K, 36% used [0x00000000c0000000,0x00000000c184eeb8,0x00000000c4300000)
 Metaspace       used 33275K, capacity 35264K, committed 35416K, reserved 1081344K
  class space    used 3154K, capacity 3849K, committed 3968K, reserved 1048576K
}
Event: 33.383 GC heap after
{Heap after GC invocations=17 (full 2):
 PSYoungGen      total 18944K, used 0K [0x00000000eab00000, 0x00000000ec500000, 0x0000000100000000)
  eden space 18432K, 0% used [0x00000000eab00000,0x00000000eab00000,0x00000000ebd00000)
  from space 512K, 0% used [0x00000000ebd00000,0x00000000ebd00000,0x00000000ebd80000)
  to   space 2560K, 0% used [0x00000000ec280000,0x00000000ec280000,0x00000000ec500000)
 ParOldGen       total 68608K, used 24141K [0x00000000c0000000, 0x00000000c4300000, 0x00000000eab00000)
  object space 68608K, 35% used [0x00000000c0000000,0x00000000c17935e8,0x00000000c4300000)
 Metaspace       used 33275K, capacity 35264K, committed 35416K, reserved 1081344K
  class space    used 3154K, capacity 3849K, committed 3968K, reserved 1048576K
}

